[debug] [2023-06-27T06:10:52.971Z] ----------------------------------------------------------------------
[debug] [2023-06-27T06:10:52.973Z] Command:       C:\Program Files\nodejs\node.exe C:\Users\91751\AppData\Roaming\npm\node_modules\firebase-tools\lib\bin\firebase.js init
[debug] [2023-06-27T06:10:52.973Z] CLI Version:   12.4.0
[debug] [2023-06-27T06:10:52.973Z] Platform:      win32
[debug] [2023-06-27T06:10:52.973Z] Node Version:  v18.16.0
[debug] [2023-06-27T06:10:52.974Z] Time:          Tue Jun 27 2023 11:40:52 GMT+0530 (India Standard Time)
[debug] [2023-06-27T06:10:52.974Z] ----------------------------------------------------------------------
[debug] 
[debug] [2023-06-27T06:10:52.980Z] > command requires scopes: ["email","openid","https://www.googleapis.com/auth/cloudplatformprojects.readonly","https://www.googleapis.com/auth/firebase","https://www.googleapis.com/auth/cloud-platform"]
[debug] [2023-06-27T06:10:52.981Z] > authorizing via signed-in user (pgkannawar23@gmail.com)
[info] 
     ######## #### ########  ######## ########     ###     ######  ########
     ##        ##  ##     ## ##       ##     ##  ##   ##  ##       ##
     ######    ##  ########  ######   ########  #########  ######  ######
     ##        ##  ##    ##  ##       ##     ## ##     ##       ## ##
     ##       #### ##     ## ######## ########  ##     ##  ######  ########

You're about to initialize a Firebase project in this directory:

  C:\Users\91751\Desktop\navbar-only

[info] 
=== Project Setup
[info] 
[info] First, let's associate this project directory with a Firebase project.
[info] You can create multiple project aliases by running firebase use --add, 
[info] but for now we'll just set up a default project.
[info] 
[debug] [2023-06-27T06:12:41.951Z] >>> [apiv2][query] GET https://firebase.googleapis.com/v1beta1/projects pageSize=100
[debug] [2023-06-27T06:12:43.063Z] <<< [apiv2][status] GET https://firebase.googleapis.com/v1beta1/projects 200
[debug] [2023-06-27T06:12:43.063Z] <<< [apiv2][body] GET https://firebase.googleapis.com/v1beta1/projects [omitted]
[info] i  Using project navbar-dacb6 (Navbar) 
[info] 
=== Hosting Setup
[info] 
[info] Your public directory is the folder (relative to your project directory) that
[info] will contain Hosting assets to be uploaded with firebase deploy. If you
[info] have a build process for your assets, use your build's output directory.
[info] 
[debug] [2023-06-27T06:13:06.564Z] >>> [apiv2][query] GET https://www.gstatic.com/firebasejs/releases.json [none]
[debug] [2023-06-27T06:13:06.894Z] <<< [apiv2][status] GET https://www.gstatic.com/firebasejs/releases.json 200
[debug] [2023-06-27T06:13:06.895Z] <<< [apiv2][body] GET https://www.gstatic.com/firebasejs/releases.json {"current":{"version":"9.23.0","browserURL":"https://www.gstatic.com/firebasejs/9.23.0/firebase.js","packageURL":"https://www.gstatic.com/firebasejs/9.23.0/firebase.tgz"},"live":{"version":"9.23","browserURL":"https://www.gstatic.com/firebasejs/live/9.23/firebase.js","packageURL":"https://www.gstatic.com/firebasejs/live/9.23/firebase.tgz"},"components":{"analytics":"https://www.gstatic.com/firebasejs/9.23.0/firebase-analytics.js","app":"https://www.gstatic.com/firebasejs/9.23.0/firebase-app.js","app-check":"https://www.gstatic.com/firebasejs/9.23.0/firebase-app-check.js","auth":"https://www.gstatic.com/firebasejs/9.23.0/firebase-auth.js","auth/cordova":"https://www.gstatic.com/firebasejs/9.23.0/firebase-auth/cordova.js","auth/react-native":"https://www.gstatic.com/firebasejs/9.23.0/firebase-auth/react-native.js","functions":"https://www.gstatic.com/firebasejs/9.23.0/firebase-functions.js","firestore":"https://www.gstatic.com/firebasejs/9.23.0/firebase-firestore.js","firestore/lite":"https://www.gstatic.com/firebasejs/9.23.0/firebase-firestore/lite.js","installations":"https://www.gstatic.com/firebasejs/9.23.0/firebase-installations.js","storage":"https://www.gstatic.com/firebasejs/9.23.0/firebase-storage.js","performance":"https://www.gstatic.com/firebasejs/9.23.0/firebase-performance.js","remote-config":"https://www.gstatic.com/firebasejs/9.23.0/firebase-remote-config.js","messaging":"https://www.gstatic.com/firebasejs/9.23.0/firebase-messaging.js","messaging/sw":"https://www.gstatic.com/firebasejs/9.23.0/firebase-messaging/sw.js","database":"https://www.gstatic.com/firebasejs/9.23.0/firebase-database.js","firestore.memory":"https://www.gstatic.com/firebasejs/9.23.0/firebase-firestore.memory.js"}}
[info] +  Wrote p/index.html 
[info] 
[info] i  Detected a .git folder at C:\Users\91751\Desktop\navbar-only 
[info] i  Authorizing with GitHub to upload your service account to a GitHub repository's secrets store. 
[info] 
[info] Visit this URL on this device to log in:
[info] https://github.com/login/oauth/authorize?client_id=89cf50f02ac6aaed3484&state=420830090&redirect_uri=http%3A%2F%2Flocalhost%3A9005&scope=read%3Auser%20repo%20public_repo
[info] 
[info] Waiting for authentication...
[debug] [2023-06-27T06:15:49.273Z] >>> [apiv2][query] POST https://github.com/login/oauth/access_token [none]
[debug] [2023-06-27T06:15:49.273Z] >>> [apiv2][body] POST https://github.com/login/oauth/access_token [stream]
[debug] [2023-06-27T06:15:49.776Z] <<< [apiv2][status] POST https://github.com/login/oauth/access_token 200
[debug] [2023-06-27T06:15:49.776Z] <<< [apiv2][body] POST https://github.com/login/oauth/access_token {"access_token":"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","token_type":"bearer","scope":"read:user,repo"}
[debug] [2023-06-27T06:15:49.785Z] >>> [apiv2][query] GET https://api.github.com/user [none]
[debug] [2023-06-27T06:15:50.405Z] <<< [apiv2][status] GET https://api.github.com/user 200
[debug] [2023-06-27T06:15:50.405Z] <<< [apiv2][body] GET https://api.github.com/user {"login":"pranavk-23","id":92789580,"node_id":"U_kgDOBYfbTA","avatar_url":"https://avatars.githubusercontent.com/u/92789580?v=4","gravatar_id":"","url":"https://api.github.com/users/pranavk-23","html_url":"https://github.com/pranavk-23","followers_url":"https://api.github.com/users/pranavk-23/followers","following_url":"https://api.github.com/users/pranavk-23/following{/other_user}","gists_url":"https://api.github.com/users/pranavk-23/gists{/gist_id}","starred_url":"https://api.github.com/users/pranavk-23/starred{/owner}{/repo}","subscriptions_url":"https://api.github.com/users/pranavk-23/subscriptions","organizations_url":"https://api.github.com/users/pranavk-23/orgs","repos_url":"https://api.github.com/users/pranavk-23/repos","events_url":"https://api.github.com/users/pranavk-23/events{/privacy}","received_events_url":"https://api.github.com/users/pranavk-23/received_events","type":"User","site_admin":false,"name":null,"company":null,"blog":"","location":null,"email":null,"hireable":null,"bio":null,"twitter_username":null,"public_repos":11,"public_gists":0,"followers":1,"following":0,"created_at":"2021-10-19T10:11:30Z","updated_at":"2023-06-27T06:16:56Z","private_gists":0,"total_private_repos":0,"owned_private_repos":0,"disk_usage":6025,"collaborators":0,"two_factor_authentication":false,"plan":{"name":"free","space":976562499,"collaborators":0,"private_repos":10000}}
[info] 
[info] +  Success! Logged into GitHub as pranavk-23 
[info] 
[debug] [2023-06-27T06:16:01.927Z] >>> [apiv2][query] GET https://api.github.com/repos//actions/secrets/public-key type=owner
[debug] [2023-06-27T06:16:02.449Z] <<< [apiv2][status] GET https://api.github.com/repos//actions/secrets/public-key 404
[debug] [2023-06-27T06:16:02.449Z] <<< [apiv2][body] GET https://api.github.com/repos//actions/secrets/public-key {"message":"Not Found","documentation_url":"https://docs.github.com/rest"}
[info] 
[info] 
[error] !  The provided authorization cannot be used with this repository. If this repository is in an organization, did you remember to grant access? 
[info] 
[info] i  Action required: Visit this URL to ensure access has been granted to the appropriate organization(s) for the Firebase CLI GitHub OAuth App: 
[info] https://github.com/settings/connections/applications/89cf50f02ac6aaed3484
[info] 
[debug] [2023-06-27T06:16:02.619Z] >>> [apiv2][query] GET https://api.github.com/repos//actions/secrets/public-key type=owner
[debug] [2023-06-27T06:16:03.105Z] <<< [apiv2][status] GET https://api.github.com/repos//actions/secrets/public-key 404
[debug] [2023-06-27T06:16:03.105Z] <<< [apiv2][body] GET https://api.github.com/repos//actions/secrets/public-key {"message":"Not Found","documentation_url":"https://docs.github.com/rest"}
[info] 
[info] 
[error] !  The provided authorization cannot be used with this repository. If this repository is in an organization, did you remember to grant access? 
[info] 
[info] i  Action required: Visit this URL to ensure access has been granted to the appropriate organization(s) for the Firebase CLI GitHub OAuth App: 
[info] https://github.com/settings/connections/applications/89cf50f02ac6aaed3484
[info] 
